ERC report (2026-05-26T15:12:45, Encoding UTF8)
Report includes: Errors, Warnings

***** Sheet /
[lib_symbol_mismatch]: Symbol 'BLM18EG221SN1D' doesn't match copy in library 'BLM18EG221SN1D'
    ; warning
    @(1700 mils, 1550 mils): Symbol L7 [BLM18EG221SN1D]
[pin_to_pin]: Pins of type Unspecified and Power input are connected
    ; warning
    @(1700 mils, 1550 mils): Symbol L7 Pin 2 [2, Unspecified, Line]
    @(1350 mils, 1550 mils): Symbol #PWR06 Pin 1 [Power input, Line]
[pin_to_pin]: Pins of type Unspecified and Passive are connected
    ; warning
    @(2300 mils, 1550 mils): Symbol L7 Pin 1 [1, Unspecified, Line]
    @(2850 mils, 1550 mils): Symbol C44 Pin 2 [Passive, Line]
[lib_symbol_mismatch]: Symbol 'BLM18EG221SN1D' doesn't match copy in library 'BLM18EG221SN1D'
    ; warning
    @(5200 mils, 900 mils): Symbol L4 [BLM18EG221SN1D]
[pin_to_pin]: Pins of type Unspecified and Power input are connected
    ; warning
    @(5200 mils, 900 mils): Symbol L4 Pin 2 [2, Unspecified, Line]
    @(5050 mils, 900 mils): Symbol #PWR07 Pin 1 [Power input, Line]
[lib_symbol_mismatch]: Symbol 'BLM18EG221SN1D' doesn't match copy in library 'BLM18EG221SN1D'
    ; warning
    @(5350 mils, 1750 mils): Symbol L5 [BLM18EG221SN1D]
[pin_to_pin]: Pins of type Unspecified and Power output are connected
    ; warning
    @(5350 mils, 1750 mils): Symbol L5 Pin 2 [2, Unspecified, Line]
    @(5200 mils, 1750 mils): Symbol #FLG020 Pin 1 [Power output, Line]
[pin_to_pin]: Pins of type Unspecified and Passive are connected
    ; warning
    @(5800 mils, 900 mils): Symbol L4 Pin 1 [1, Unspecified, Line]
    @(6250 mils, 1000 mils): Symbol C42 Pin 1 [Passive, Line]
[pin_to_pin]: Pins of type Unspecified and Passive are connected
    ; warning
    @(5950 mils, 1750 mils): Symbol L5 Pin 1 [1, Unspecified, Line]
    @(6250 mils, 1850 mils): Symbol C41 Pin 1 [Passive, Line]
[pin_to_pin]: Pins of type Unspecified and Power output are connected
    ; warning
    @(6550 mils, 2950 mils): Symbol L6 Pin 1 [1, Unspecified, Line]
    @(6550 mils, 2800 mils): Symbol #FLG021 Pin 1 [Power output, Line]
[lib_symbol_mismatch]: Symbol 'BLM18EG221SN1D' doesn't match copy in library 'BLM18EG221SN1D'
    ; warning
    @(6550 mils, 3550 mils): Symbol L6 [BLM18EG221SN1D]
[pin_to_pin]: Pins of type Unspecified and Power input are connected
    ; warning
    @(6550 mils, 3550 mils): Symbol L6 Pin 2 [2, Unspecified, Line]
    @(3550 mils, 2250 mils): Symbol U1 Pin 56 [VDD12TX1, Power input, Line]
[lib_symbol_issues]: The current configuration does not include the symbol library 'LMR14030'
    ; warning
    @(12850 mils, 7600 mils): Symbol U6 [LMR14030SQDPRTQ1]

 ** ERC messages: 13  Errors 0  Warnings 13

 ** Ignored checks:
    - Global label only appears once in the schematic
    - Four connection points are joined together
    - SPICE model issue
    - Assigned footprint doesn't match footprint filters
